(in /Users/omeron/Programming/rubymotion/Name)
[1m     Build[0m ./build/iPhoneSimulator-6.1-Development
[1m   Compile[0m ./spec/name.rb
/Users/omeron/Programming/rubymotion/Name/spec/name.rb:9: syntax error, unexpected keyword_end, expecting $end
rake aborted!
Command failed with status (): [/usr/bin/env VM_KERNEL_PATH="/Library/Ruby...]
/Users/omeron/.rvm/gems/ruby-1.9.2-p320@global/gems/rake-10.0.4/lib/rake/file_utils.rb:53:in `block in create_shell_runner'
/Users/omeron/.rvm/gems/ruby-1.9.2-p320@global/gems/rake-10.0.4/lib/rake/file_utils.rb:45:in `call'
/Users/omeron/.rvm/gems/ruby-1.9.2-p320@global/gems/rake-10.0.4/lib/rake/file_utils.rb:45:in `sh'
/Users/omeron/.rvm/gems/ruby-1.9.2-p320@global/gems/rake-10.0.4/lib/rake/file_utils_ext.rb:37:in `sh'
/Library/RubyMotion/lib/motion/project/builder.rb:103:in `block (2 levels) in build'
/Library/RubyMotion/lib/motion/project/builder.rb:94:in `each'
/Library/RubyMotion/lib/motion/project/builder.rb:94:in `block in build'
/Library/RubyMotion/lib/motion/project/builder.rb:189:in `call'
/Library/RubyMotion/lib/motion/project/builder.rb:189:in `block in build'
/Library/RubyMotion/lib/motion/project/builder.rb:189:in `map'
/Library/RubyMotion/lib/motion/project/builder.rb:189:in `build'
/Library/RubyMotion/lib/motion/project/app.rb:76:in `build'
/Library/RubyMotion/lib/motion/project/template/ios.rb:42:in `block (2 levels) in <top (required)>'
/Users/omeron/.rvm/gems/ruby-1.9.2-p320@global/gems/rake-10.0.4/lib/rake/task.rb:246:in `call'
/Users/omeron/.rvm/gems/ruby-1.9.2-p320@global/gems/rake-10.0.4/lib/rake/task.rb:246:in `block in execute'
/Users/omeron/.rvm/gems/ruby-1.9.2-p320@global/gems/rake-10.0.4/lib/rake/task.rb:241:in `each'
/Users/omeron/.rvm/gems/ruby-1.9.2-p320@global/gems/rake-10.0.4/lib/rake/task.rb:241:in `execute'
/Users/omeron/.rvm/gems/ruby-1.9.2-p320@global/gems/rake-10.0.4/lib/rake/task.rb:184:in `block in invoke_with_call_chain'
/Users/omeron/.rvm/gems/ruby-1.9.2-p320@global/gems/rake-10.0.4/lib/rake/task.rb:177:in `invoke_with_call_chain'
/Users/omeron/.rvm/gems/ruby-1.9.2-p320@global/gems/rake-10.0.4/lib/rake/task.rb:205:in `block in invoke_prerequisites'
/Users/omeron/.rvm/gems/ruby-1.9.2-p320@global/gems/rake-10.0.4/lib/rake/task.rb:203:in `each'
/Users/omeron/.rvm/gems/ruby-1.9.2-p320@global/gems/rake-10.0.4/lib/rake/task.rb:203:in `invoke_prerequisites'
/Users/omeron/.rvm/gems/ruby-1.9.2-p320@global/gems/rake-10.0.4/lib/rake/task.rb:183:in `block in invoke_with_call_chain'
/Users/omeron/.rvm/gems/ruby-1.9.2-p320@global/gems/rake-10.0.4/lib/rake/task.rb:177:in `invoke_with_call_chain'
/Users/omeron/.rvm/gems/ruby-1.9.2-p320@global/gems/rake-10.0.4/lib/rake/task.rb:170:in `invoke'
/Library/RubyMotion/lib/motion/project/template/ios.rb:117:in `block (2 levels) in <top (required)>'
/Users/omeron/.rvm/gems/ruby-1.9.2-p320@global/gems/rake-10.0.4/lib/rake/task.rb:246:in `call'
/Users/omeron/.rvm/gems/ruby-1.9.2-p320@global/gems/rake-10.0.4/lib/rake/task.rb:246:in `block in execute'
/Users/omeron/.rvm/gems/ruby-1.9.2-p320@global/gems/rake-10.0.4/lib/rake/task.rb:241:in `each'
/Users/omeron/.rvm/gems/ruby-1.9.2-p320@global/gems/rake-10.0.4/lib/rake/task.rb:241:in `execute'
/Users/omeron/.rvm/gems/ruby-1.9.2-p320@global/gems/rake-10.0.4/lib/rake/task.rb:184:in `block in invoke_with_call_chain'
/Users/omeron/.rvm/gems/ruby-1.9.2-p320@global/gems/rake-10.0.4/lib/rake/task.rb:177:in `invoke_with_call_chain'
/Users/omeron/.rvm/gems/ruby-1.9.2-p320@global/gems/rake-10.0.4/lib/rake/task.rb:205:in `block in invoke_prerequisites'
/Users/omeron/.rvm/gems/ruby-1.9.2-p320@global/gems/rake-10.0.4/lib/rake/task.rb:203:in `each'
/Users/omeron/.rvm/gems/ruby-1.9.2-p320@global/gems/rake-10.0.4/lib/rake/task.rb:203:in `invoke_prerequisites'
/Users/omeron/.rvm/gems/ruby-1.9.2-p320@global/gems/rake-10.0.4/lib/rake/task.rb:183:in `block in invoke_with_call_chain'
/Users/omeron/.rvm/gems/ruby-1.9.2-p320@global/gems/rake-10.0.4/lib/rake/task.rb:177:in `invoke_with_call_chain'
/Users/omeron/.rvm/gems/ruby-1.9.2-p320@global/gems/rake-10.0.4/lib/rake/task.rb:170:in `invoke'
/Users/omeron/.rvm/gems/ruby-1.9.2-p320@global/gems/rake-10.0.4/lib/rake/application.rb:143:in `invoke_task'
/Users/omeron/.rvm/gems/ruby-1.9.2-p320@global/gems/rake-10.0.4/lib/rake/application.rb:101:in `block (2 levels) in top_level'
/Users/omeron/.rvm/gems/ruby-1.9.2-p320@global/gems/rake-10.0.4/lib/rake/application.rb:101:in `each'
/Users/omeron/.rvm/gems/ruby-1.9.2-p320@global/gems/rake-10.0.4/lib/rake/application.rb:101:in `block in top_level'
/Users/omeron/.rvm/gems/ruby-1.9.2-p320@global/gems/rake-10.0.4/lib/rake/application.rb:110:in `run_with_threads'
/Users/omeron/.rvm/gems/ruby-1.9.2-p320@global/gems/rake-10.0.4/lib/rake/application.rb:95:in `top_level'
/Users/omeron/.rvm/gems/ruby-1.9.2-p320@global/gems/rake-10.0.4/lib/rake/application.rb:73:in `block in run'
/Users/omeron/.rvm/gems/ruby-1.9.2-p320@global/gems/rake-10.0.4/lib/rake/application.rb:160:in `standard_exception_handling'
/Users/omeron/.rvm/gems/ruby-1.9.2-p320@global/gems/rake-10.0.4/lib/rake/application.rb:70:in `run'
/Users/omeron/.rvm/gems/ruby-1.9.2-p320@motionapps/bin/ruby_noexec_wrapper:14:in `eval'
/Users/omeron/.rvm/gems/ruby-1.9.2-p320@motionapps/bin/ruby_noexec_wrapper:14:in `<main>'
Tasks: TOP => simulator => build:simulator
(See full trace by running task with --trace)
